<!DOCTYPE html PUBLIC "-//W3C//DTD XHTML 1.1//EN" "https://www.w3.org/TR/xhtml11/DTD/xhtml11.dtd">
<html xmlns="https://www.w3.org/1999/xhtml">
<head>
<meta http-equiv="content-type" content="text/html; charset=UTF-8"/>
<title>TestNG Report</title>
<style type="text/css">table {margin-bottom:10px;border-collapse:collapse;empty-cells:show}th,td {border:1px solid #009;padding:.25em .5em}th {vertical-align:bottom}td {vertical-align:top}table a {font-weight:bold}.stripe td {background-color: #E6EBF9}.num {text-align:right}.passedodd td {background-color: #3F3}.passedeven td {background-color: #0A0}.skippedodd td {background-color: #DDD}.skippedeven td {background-color: #CCC}.failedodd td,.attn {background-color: #F33}.failedeven td,.stripe .attn {background-color: #D00}.stacktrace {white-space:pre;font-family:monospace}.totop {font-size:85%;text-align:center;border-bottom:2px solid #000}.invisible {display:none}</style>
</head>
<body>
<table>
<tr><th>Test</th><th># Passed</th><th># Skipped</th><th># Retried</th><th># Failed</th><th>Time (ms)</th><th>Included Groups</th><th>Excluded Groups</th></tr>
<tr><th colspan="8">AssesmentSuite</th></tr>
<tr><td><a href="#t0">AssesmentTest</a></td><td class="num">3</td><td class="num">0</td><td class="num">0</td><td class="num attn">3</td><td class="num">81,034</td><td></td><td></td></tr>
</table>
<table id='summary'><thead><tr><th>Class</th><th>Method</th><th>Start</th><th>Time (ms)</th></tr></thead><tbody><tr><th colspan="4">AssesmentSuite</th></tr></tbody><tbody id="t0"><tr><th colspan="4">AssesmentTest &#8212; failed</th></tr><tr class="failedeven"><td rowspan="3">com.testExecution.TestExecution</td><td><a href="#m0">invalidLogin</a></td><td rowspan="1">1758465447335</td><td rowspan="1">5788</td></tr><tr class="failedeven"><td><a href="#m1">searchUnwantedProductList</a></td><td rowspan="1">1758465467916</td><td rowspan="1">4307</td></tr><tr class="failedeven"><td><a href="#m2">validateCartNotIncreases</a></td><td rowspan="1">1758465500028</td><td rowspan="1">5886</td></tr><tr><th colspan="4">AssesmentTest &#8212; passed</th></tr><tr class="passedeven"><td rowspan="3">com.testExecution.TestExecution</td><td><a href="#m3">addToCartValidate</a></td><td rowspan="1">1758465478032</td><td rowspan="1">12153</td></tr><tr class="passedeven"><td><a href="#m4">loginApp</a></td><td rowspan="1">1758465433918</td><td rowspan="1">7780</td></tr><tr class="passedeven"><td><a href="#m5">searchProductList</a></td><td rowspan="1">1758465458735</td><td rowspan="1">3650</td></tr></tbody>
</table>
<h2>AssesmentTest</h2><h3 id="m0">com.testExecution.TestExecution#invalidLogin</h3><table class="result"><tr class="param"><th>Parameter #1</th></tr><tr class="param stripe"><td>Enter your passw</td></tr><tr><th>Exception</th></tr><tr><td><div class="stacktrace">java.lang.AssertionError: The following asserts failed:
	Error not matching expected [Enter your password] but found [Enter your passw]
	at com.pageExecution.LoginTest.invalidValidation(LoginTest.java:76)
	at com.testExecution.TestExecution.invalidLogin(TestExecution.java:54)
	at java.base/java.util.ArrayList.forEach(ArrayList.java:1511)
... Removed 29 stack frames</div></td></tr></table><p class="totop"><a href="#summary">back to summary</a></p>
<h3 id="m1">com.testExecution.TestExecution#searchUnwantedProductList</h3><table class="result"><tr class="param"><th>Parameter #1</th></tr><tr class="param stripe"><td>Vivo max</td></tr><tr><th>Exception</th></tr><tr><td><div class="stacktrace">java.lang.AssertionError: The following asserts failed:
	Unexpected product is present in the search list: Vivo max expected [true] but found [false]
	at com.pageExecution.SearchTest.negativeProductValidation(SearchTest.java:63)
	at com.testExecution.TestExecution.searchUnwantedProductList(TestExecution.java:78)
	at java.base/java.util.ArrayList.forEach(ArrayList.java:1511)
... Removed 29 stack frames</div></td></tr></table><p class="totop"><a href="#summary">back to summary</a></p>
<h3 id="m2">com.testExecution.TestExecution#validateCartNotIncreases</h3><table class="result"><tr><th>Exception</th></tr><tr><td><div class="stacktrace">java.lang.AssertionError: The following asserts failed:
	Cart count increased after invalid action did not expect [0] but found [0]
	at com.pageExecution.AddToCartTest.cartNotIncrease(AddToCartTest.java:65)
	at com.testExecution.TestExecution.validateCartNotIncreases(TestExecution.java:106)
	at java.base/java.util.ArrayList.forEach(ArrayList.java:1511)
... Removed 29 stack frames</div></td></tr></table><p class="totop"><a href="#summary">back to summary</a></p>
<h3 id="m3">com.testExecution.TestExecution#addToCartValidate</h3><table class="result"><tr class="param"><th>Parameter #1</th></tr><tr class="param stripe"><td>Added to cart</td></tr></table><p class="totop"><a href="#summary">back to summary</a></p>
<h3 id="m4">com.testExecution.TestExecution#loginApp</h3><table class="result"><tr><th class="invisible"/></tr></table><p class="totop"><a href="#summary">back to summary</a></p>
<h3 id="m5">com.testExecution.TestExecution#searchProductList</h3><table class="result"><tr class="param"><th>Parameter #1</th></tr><tr class="param stripe"><td>Iphone 16</td></tr></table><p class="totop"><a href="#summary">back to summary</a></p>
</body>
</html>
