<?xml version="1.0" encoding="UTF-8"?>
<!-- Generated by org.testng.reporters.JUnitXMLReporter -->
<testsuite ignored="0" hostname="LAPTOP-VRNPC7JT" failures="3" tests="6" name="AssesmentTest" time="81.034" errors="0" timestamp="2025-09-21T20:08:29 IST">
  <testcase classname="com.testExecution.TestExecution" name="loginApp" time="7.78"/>
  <testcase classname="com.testExecution.TestExecution" name="invalidLogin" time="5.788">
    <failure type="java.lang.AssertionError" message="The following asserts failed:
	Error not matching expected [Enter your password] but found [Enter your passw]">
      <![CDATA[java.lang.AssertionError: The following asserts failed:
Error not matching expected [Enter your password] but found [Enter your passw]
at com.pageExecution.LoginTest.invalidValidation(LoginTest.java:76)
at com.testExecution.TestExecution.invalidLogin(TestExecution.java:54)
at java.base/java.util.ArrayList.forEach(ArrayList.java:1511)
... Removed 29 stack frames]]>
    </failure>
  </testcase> <!-- invalidLogin -->
  <testcase classname="com.testExecution.TestExecution" name="searchProductList" time="3.65"/>
  <testcase classname="com.testExecution.TestExecution" name="searchUnwantedProductList" time="4.307">
    <failure type="java.lang.AssertionError" message="The following asserts failed:
	Unexpected product is present in the search list: Vivo max expected [true] but found [false]">
      <![CDATA[java.lang.AssertionError: The following asserts failed:
Unexpected product is present in the search list: Vivo max expected [true] but found [false]
at com.pageExecution.SearchTest.negativeProductValidation(SearchTest.java:63)
at com.testExecution.TestExecution.searchUnwantedProductList(TestExecution.java:78)
at java.base/java.util.ArrayList.forEach(ArrayList.java:1511)
... Removed 29 stack frames]]>
    </failure>
  </testcase> <!-- searchUnwantedProductList -->
  <testcase classname="com.testExecution.TestExecution" name="addToCartValidate" time="12.153"/>
  <testcase classname="com.testExecution.TestExecution" name="validateCartNotIncreases" time="5.886">
    <failure type="java.lang.AssertionError" message="The following asserts failed:
	Cart count increased after invalid action did not expect [0] but found [0]">
      <![CDATA[java.lang.AssertionError: The following asserts failed:
Cart count increased after invalid action did not expect [0] but found [0]
at com.pageExecution.AddToCartTest.cartNotIncrease(AddToCartTest.java:65)
at com.testExecution.TestExecution.validateCartNotIncreases(TestExecution.java:106)
at java.base/java.util.ArrayList.forEach(ArrayList.java:1511)
... Removed 29 stack frames]]>
    </failure>
  </testcase> <!-- validateCartNotIncreases -->
</testsuite> <!-- AssesmentTest -->
